<?xml version="1.0" encoding="UTF-8"?>
<testng-results skipped="0" failed="1" ignored="0" total="1" passed="0">
  <reporter-output>
  </reporter-output>
  <suite name="Default suite" duration-ms="130950" started-at="2018-12-20T11:44:11Z" finished-at="2018-12-20T11:46:22Z">
    <groups>
    </groups>
    <test name="Default test" duration-ms="130950" started-at="2018-12-20T11:44:11Z" finished-at="2018-12-20T11:46:22Z">
      <class name="POM.Test_FR_TenantToPur_TenantToFill">
        <test-method status="PASS" signature="setUp()[pri:0, instance:POM.Test_FR_TenantToPur_TenantToFill@23ceabc1]" name="setUp" is-config="true" duration-ms="33515" started-at="2018-12-20T17:14:11Z" finished-at="2018-12-20T17:14:45Z">
          <reporter-output>
          </reporter-output>
        </test-method> <!-- setUp -->
        <test-method status="FAIL" signature="FR_TenantToPur_TenantToFill()[pri:0, instance:POM.Test_FR_TenantToPur_TenantToFill@23ceabc1]" name="FR_TenantToPur_TenantToFill" duration-ms="97402" started-at="2018-12-20T17:14:45Z" finished-at="2018-12-20T17:16:22Z">
          <exception class="org.openqa.selenium.NoSuchElementException">
            <message>
              <![CDATA[Cannot locate element with text: Resend Application Completion Link
For documentation on this error, please visit: http://seleniumhq.org/exceptions/no_such_element.html
Build info: version: 'unknown', revision: 'unknown', time: 'unknown'
System info: host: 'QA90', ip: '192.168.1.39', os.name: 'Windows 7', os.arch: 'amd64', os.version: '6.1', java.version: '1.8.0_181'
Driver info: driver.version: unknown]]>
            </message>
            <full-stacktrace>
              <![CDATA[org.openqa.selenium.NoSuchElementException: Cannot locate element with text: Resend Application Completion Link
For documentation on this error, please visit: http://seleniumhq.org/exceptions/no_such_element.html
Build info: version: 'unknown', revision: 'unknown', time: 'unknown'
System info: host: 'QA90', ip: '192.168.1.39', os.name: 'Windows 7', os.arch: 'amd64', os.version: '6.1', java.version: '1.8.0_181'
Driver info: driver.version: unknown
	at org.openqa.selenium.support.ui.Select.selectByVisibleText(Select.java:151)
	at POM.Open_Application.getApplicantFillURL(Open_Application.java:123)
	at POM.Test_FR_TenantToPur_TenantToFill.FR_TenantToPur_TenantToFill(Test_FR_TenantToPur_TenantToFill.java:32)
	at sun.reflect.NativeMethodAccessorImpl.invoke0(Native Method)
	at sun.reflect.NativeMethodAccessorImpl.invoke(Unknown Source)
	at sun.reflect.DelegatingMethodAccessorImpl.invoke(Unknown Source)
	at java.lang.reflect.Method.invoke(Unknown Source)
	at org.testng.internal.MethodInvocationHelper.invokeMethod(MethodInvocationHelper.java:108)
	at org.testng.internal.Invoker.invokeMethod(Invoker.java:661)
	at org.testng.internal.Invoker.invokeTestMethod(Invoker.java:869)
	at org.testng.internal.Invoker.invokeTestMethods(Invoker.java:1193)
	at org.testng.internal.TestMethodWorker.invokeTestMethods(TestMethodWorker.java:126)
	at org.testng.internal.TestMethodWorker.run(TestMethodWorker.java:109)
	at org.testng.TestRunner.privateRun(TestRunner.java:744)
	at org.testng.TestRunner.run(TestRunner.java:602)
	at org.testng.SuiteRunner.runTest(SuiteRunner.java:380)
	at org.testng.SuiteRunner.runSequentially(SuiteRunner.java:375)
	at org.testng.SuiteRunner.privateRun(SuiteRunner.java:340)
	at org.testng.SuiteRunner.run(SuiteRunner.java:289)
	at org.testng.SuiteRunnerWorker.runSuite(SuiteRunnerWorker.java:52)
	at org.testng.SuiteRunnerWorker.run(SuiteRunnerWorker.java:86)
	at org.testng.TestNG.runSuitesSequentially(TestNG.java:1301)
	at org.testng.TestNG.runSuitesLocally(TestNG.java:1226)
	at org.testng.TestNG.runSuites(TestNG.java:1144)
	at org.testng.TestNG.run(TestNG.java:1115)
	at org.testng.remote.AbstractRemoteTestNG.run(AbstractRemoteTestNG.java:114)
	at org.testng.remote.RemoteTestNG.initAndRun(RemoteTestNG.java:251)
	at org.testng.remote.RemoteTestNG.main(RemoteTestNG.java:77)
]]>
            </full-stacktrace>
          </exception> <!-- org.openqa.selenium.NoSuchElementException -->
          <reporter-output>
          </reporter-output>
        </test-method> <!-- FR_TenantToPur_TenantToFill -->
        <test-method status="PASS" signature="tearDown()[pri:0, instance:POM.Test_FR_TenantToPur_TenantToFill@23ceabc1]" name="tearDown" is-config="true" duration-ms="0" started-at="2018-12-20T17:16:22Z" finished-at="2018-12-20T17:16:22Z">
          <reporter-output>
          </reporter-output>
        </test-method> <!-- tearDown -->
      </class> <!-- POM.Test_FR_TenantToPur_TenantToFill -->
    </test> <!-- Default test -->
  </suite> <!-- Default suite -->
</testng-results>
