<?xml version="1.0" encoding="UTF-8"?>
<testng-results skipped="0" failed="0" ignored="0" total="1" passed="1">
  <reporter-output>
  </reporter-output>
  <suite name="Parameterization Test Suite" duration-ms="119052" started-at="2018-12-20T14:20:21Z" finished-at="2018-12-20T14:22:20Z">
    <groups>
    </groups>
    <test name="Testing Parameterization" duration-ms="119052" started-at="2018-12-20T14:20:21Z" finished-at="2018-12-20T14:22:20Z">
      <class name="POM.Test_FR_TenantToPur_TenantToFill">
        <test-method status="PASS" signature="setUp(java.lang.String, java.lang.String, java.lang.String)[pri:0, instance:POM.Test_FR_TenantToPur_TenantToFill@3a82f6ef]" name="setUp" is-config="true" duration-ms="28853" started-at="2018-12-20T19:50:21Z" finished-at="2018-12-20T19:50:50Z">
          <params>
            <param index="0">
              <value>
                <![CDATA[http://88.208.208.58:1011/public/app/#]]>
              </value>
            </param>
            <param index="1">
              <value>
                <![CDATA[swapnilbhaskar@benchmarkitsolutions.com]]>
              </value>
            </param>
            <param index="2">
              <value>
                <![CDATA[bits1234]]>
              </value>
            </param>
          </params>
          <reporter-output>
          </reporter-output>
        </test-method> <!-- setUp -->
        <test-method status="PASS" signature="FR_TenantToPur_TenantToFill()[pri:0, instance:POM.Test_FR_TenantToPur_TenantToFill@3a82f6ef]" name="FR_TenantToPur_TenantToFill" duration-ms="90172" started-at="2018-12-20T19:50:50Z" finished-at="2018-12-20T19:52:20Z">
          <reporter-output>
          </reporter-output>
        </test-method> <!-- FR_TenantToPur_TenantToFill -->
        <test-method status="PASS" signature="tearDown()[pri:0, instance:POM.Test_FR_TenantToPur_TenantToFill@3a82f6ef]" name="tearDown" is-config="true" duration-ms="0" started-at="2018-12-20T19:52:20Z" finished-at="2018-12-20T19:52:20Z">
          <reporter-output>
          </reporter-output>
        </test-method> <!-- tearDown -->
      </class> <!-- POM.Test_FR_TenantToPur_TenantToFill -->
    </test> <!-- Testing Parameterization -->
  </suite> <!-- Parameterization Test Suite -->
</testng-results>
